<?xml version="1.0" encoding="UTF-8"?>
<testsuite xmlns:xsi="http://www.w3.org/2001/XMLSchema-instance" xsi:noNamespaceSchemaLocation="https://maven.apache.org/surefire/maven-surefire-plugin/xsd/surefire-test-report-3.0.xsd" version="3.0" name="TestSuite" time="416.646" tests="42" errors="0" skipped="0" failures="0">
  <properties>
    <property name="sun.desktop" value="windows"/>
    <property name="awt.toolkit" value="sun.awt.windows.WToolkit"/>
    <property name="file.encoding.pkg" value="sun.io"/>
    <property name="java.specification.version" value="1.8"/>
    <property name="sun.cpu.isalist" value="amd64"/>
    <property name="sun.jnu.encoding" value="Cp1252"/>
    <property name="java.class.path" value="D:\Eclispse_Srinjoy\ZigwheelsFinalTest\target\test-classes;D:\Eclispse_Srinjoy\ZigwheelsFinalTest\target\classes;C:\Users\RIL\.m2\repository\org\seleniumhq\selenium\selenium-java\3.141.59\selenium-java-3.141.59.jar;C:\Users\RIL\.m2\repository\org\seleniumhq\selenium\selenium-api\3.141.59\selenium-api-3.141.59.jar;C:\Users\RIL\.m2\repository\org\seleniumhq\selenium\selenium-chrome-driver\3.141.59\selenium-chrome-driver-3.141.59.jar;C:\Users\RIL\.m2\repository\org\seleniumhq\selenium\selenium-edge-driver\3.141.59\selenium-edge-driver-3.141.59.jar;C:\Users\RIL\.m2\repository\org\seleniumhq\selenium\selenium-firefox-driver\3.141.59\selenium-firefox-driver-3.141.59.jar;C:\Users\RIL\.m2\repository\org\seleniumhq\selenium\selenium-ie-driver\3.141.59\selenium-ie-driver-3.141.59.jar;C:\Users\RIL\.m2\repository\org\seleniumhq\selenium\selenium-opera-driver\3.141.59\selenium-opera-driver-3.141.59.jar;C:\Users\RIL\.m2\repository\org\seleniumhq\selenium\selenium-remote-driver\3.141.59\selenium-remote-driver-3.141.59.jar;C:\Users\RIL\.m2\repository\org\seleniumhq\selenium\selenium-safari-driver\3.141.59\selenium-safari-driver-3.141.59.jar;C:\Users\RIL\.m2\repository\org\seleniumhq\selenium\selenium-support\3.141.59\selenium-support-3.141.59.jar;C:\Users\RIL\.m2\repository\net\bytebuddy\byte-buddy\1.8.15\byte-buddy-1.8.15.jar;C:\Users\RIL\.m2\repository\org\apache\commons\commons-exec\1.3\commons-exec-1.3.jar;C:\Users\RIL\.m2\repository\com\google\guava\guava\25.0-jre\guava-25.0-jre.jar;C:\Users\RIL\.m2\repository\com\google\code\findbugs\jsr305\1.3.9\jsr305-1.3.9.jar;C:\Users\RIL\.m2\repository\org\checkerframework\checker-compat-qual\2.0.0\checker-compat-qual-2.0.0.jar;C:\Users\RIL\.m2\repository\com\google\errorprone\error_prone_annotations\2.1.3\error_prone_annotations-2.1.3.jar;C:\Users\RIL\.m2\repository\com\google\j2objc\j2objc-annotations\1.1\j2objc-annotations-1.1.jar;C:\Users\RIL\.m2\repository\org\codehaus\mojo\animal-sniffer-annotations\1.14\animal-sniffer-annotations-1.14.jar;C:\Users\RIL\.m2\repository\com\squareup\okhttp3\okhttp\3.11.0\okhttp-3.11.0.jar;C:\Users\RIL\.m2\repository\com\squareup\okio\okio\1.14.0\okio-1.14.0.jar;C:\Users\RIL\.m2\repository\com\aventstack\extentreports\4.1.6\extentreports-4.1.6.jar;C:\Users\RIL\.m2\repository\org\freemarker\freemarker\2.3.29\freemarker-2.3.29.jar;C:\Users\RIL\.m2\repository\org\apache\httpcomponents\httpclient\4.5.2\httpclient-4.5.2.jar;C:\Users\RIL\.m2\repository\org\apache\httpcomponents\httpcore\4.4.4\httpcore-4.4.4.jar;C:\Users\RIL\.m2\repository\commons-logging\commons-logging\1.2\commons-logging-1.2.jar;C:\Users\RIL\.m2\repository\commons-codec\commons-codec\1.9\commons-codec-1.9.jar;C:\Users\RIL\.m2\repository\org\apache\httpcomponents\httpmime\4.5.2\httpmime-4.5.2.jar;C:\Users\RIL\.m2\repository\com\google\code\gson\gson\2.8.6\gson-2.8.6.jar;C:\Users\RIL\.m2\repository\org\mongodb\mongodb-driver\3.12.0\mongodb-driver-3.12.0.jar;C:\Users\RIL\.m2\repository\org\mongodb\mongodb-driver-core\3.12.0\mongodb-driver-core-3.12.0.jar;C:\Users\RIL\.m2\repository\org\mongodb\bson\3.12.0\bson-3.12.0.jar;C:\Users\RIL\.m2\repository\commons-io\commons-io\2.7\commons-io-2.7.jar;C:\Users\RIL\.m2\repository\org\testng\testng\7.1.0\testng-7.1.0.jar;C:\Users\RIL\.m2\repository\com\beust\jcommander\1.72\jcommander-1.72.jar;C:\Users\RIL\.m2\repository\com\google\inject\guice\4.1.0\guice-4.1.0-no_aop.jar;C:\Users\RIL\.m2\repository\javax\inject\javax.inject\1\javax.inject-1.jar;C:\Users\RIL\.m2\repository\aopalliance\aopalliance\1.0\aopalliance-1.0.jar;C:\Users\RIL\.m2\repository\org\yaml\snakeyaml\1.21\snakeyaml-1.21.jar;C:\Users\RIL\.m2\repository\org\apache\poi\poi-ooxml\4.1.2\poi-ooxml-4.1.2.jar;C:\Users\RIL\.m2\repository\org\apache\poi\poi\4.1.2\poi-4.1.2.jar;C:\Users\RIL\.m2\repository\org\apache\commons\commons-collections4\4.4\commons-collections4-4.4.jar;C:\Users\RIL\.m2\repository\org\apache\commons\commons-math3\3.6.1\commons-math3-3.6.1.jar;C:\Users\RIL\.m2\repository\com\zaxxer\SparseBitSet\1.2\SparseBitSet-1.2.jar;C:\Users\RIL\.m2\repository\org\apache\poi\poi-ooxml-schemas\4.1.2\poi-ooxml-schemas-4.1.2.jar;C:\Users\RIL\.m2\repository\org\apache\xmlbeans\xmlbeans\3.1.0\xmlbeans-3.1.0.jar;C:\Users\RIL\.m2\repository\org\apache\commons\commons-compress\1.19\commons-compress-1.19.jar;C:\Users\RIL\.m2\repository\com\github\virtuald\curvesapi\1.06\curvesapi-1.06.jar;C:\Users\RIL\.m2\repository\org\apache\clerezza\ext\org.json.simple\0.4\org.json.simple-0.4.jar;C:\Users\RIL\.m2\repository\com\googlecode\json-simple\json-simple\1.1\json-simple-1.1.jar;C:\Users\RIL\.m2\repository\log4j\log4j\1.2.17\log4j-1.2.17.jar;"/>
    <property name="java.vm.vendor" value="Oracle Corporation"/>
    <property name="sun.arch.data.model" value="64"/>
    <property name="user.variant" value=""/>
    <property name="java.vendor.url" value="http://java.oracle.com/"/>
    <property name="user.timezone" value="Asia/Calcutta"/>
    <property name="java.vm.specification.version" value="1.8"/>
    <property name="os.name" value="Windows 10"/>
    <property name="user.country" value="IN"/>
    <property name="sun.java.launcher" value="SUN_STANDARD"/>
    <property name="sun.boot.library.path" value="C:\Program Files\Java\jdk1.8.0_261\jre\bin"/>
    <property name="sun.java.command" value="C:\Users\RIL\AppData\Local\Temp\surefire5963004389291826224\surefirebooter4710485125829882518.jar C:\Users\RIL\AppData\Local\Temp\surefire5963004389291826224 2020-07-29T17-18-31_547-jvmRun1 surefire1981009724226763605tmp surefire_08720044529221431213tmp"/>
    <property name="surefire.test.class.path" value="D:\Eclispse_Srinjoy\ZigwheelsFinalTest\target\test-classes;D:\Eclispse_Srinjoy\ZigwheelsFinalTest\target\classes;C:\Users\RIL\.m2\repository\org\seleniumhq\selenium\selenium-java\3.141.59\selenium-java-3.141.59.jar;C:\Users\RIL\.m2\repository\org\seleniumhq\selenium\selenium-api\3.141.59\selenium-api-3.141.59.jar;C:\Users\RIL\.m2\repository\org\seleniumhq\selenium\selenium-chrome-driver\3.141.59\selenium-chrome-driver-3.141.59.jar;C:\Users\RIL\.m2\repository\org\seleniumhq\selenium\selenium-edge-driver\3.141.59\selenium-edge-driver-3.141.59.jar;C:\Users\RIL\.m2\repository\org\seleniumhq\selenium\selenium-firefox-driver\3.141.59\selenium-firefox-driver-3.141.59.jar;C:\Users\RIL\.m2\repository\org\seleniumhq\selenium\selenium-ie-driver\3.141.59\selenium-ie-driver-3.141.59.jar;C:\Users\RIL\.m2\repository\org\seleniumhq\selenium\selenium-opera-driver\3.141.59\selenium-opera-driver-3.141.59.jar;C:\Users\RIL\.m2\repository\org\seleniumhq\selenium\selenium-remote-driver\3.141.59\selenium-remote-driver-3.141.59.jar;C:\Users\RIL\.m2\repository\org\seleniumhq\selenium\selenium-safari-driver\3.141.59\selenium-safari-driver-3.141.59.jar;C:\Users\RIL\.m2\repository\org\seleniumhq\selenium\selenium-support\3.141.59\selenium-support-3.141.59.jar;C:\Users\RIL\.m2\repository\net\bytebuddy\byte-buddy\1.8.15\byte-buddy-1.8.15.jar;C:\Users\RIL\.m2\repository\org\apache\commons\commons-exec\1.3\commons-exec-1.3.jar;C:\Users\RIL\.m2\repository\com\google\guava\guava\25.0-jre\guava-25.0-jre.jar;C:\Users\RIL\.m2\repository\com\google\code\findbugs\jsr305\1.3.9\jsr305-1.3.9.jar;C:\Users\RIL\.m2\repository\org\checkerframework\checker-compat-qual\2.0.0\checker-compat-qual-2.0.0.jar;C:\Users\RIL\.m2\repository\com\google\errorprone\error_prone_annotations\2.1.3\error_prone_annotations-2.1.3.jar;C:\Users\RIL\.m2\repository\com\google\j2objc\j2objc-annotations\1.1\j2objc-annotations-1.1.jar;C:\Users\RIL\.m2\repository\org\codehaus\mojo\animal-sniffer-annotations\1.14\animal-sniffer-annotations-1.14.jar;C:\Users\RIL\.m2\repository\com\squareup\okhttp3\okhttp\3.11.0\okhttp-3.11.0.jar;C:\Users\RIL\.m2\repository\com\squareup\okio\okio\1.14.0\okio-1.14.0.jar;C:\Users\RIL\.m2\repository\com\aventstack\extentreports\4.1.6\extentreports-4.1.6.jar;C:\Users\RIL\.m2\repository\org\freemarker\freemarker\2.3.29\freemarker-2.3.29.jar;C:\Users\RIL\.m2\repository\org\apache\httpcomponents\httpclient\4.5.2\httpclient-4.5.2.jar;C:\Users\RIL\.m2\repository\org\apache\httpcomponents\httpcore\4.4.4\httpcore-4.4.4.jar;C:\Users\RIL\.m2\repository\commons-logging\commons-logging\1.2\commons-logging-1.2.jar;C:\Users\RIL\.m2\repository\commons-codec\commons-codec\1.9\commons-codec-1.9.jar;C:\Users\RIL\.m2\repository\org\apache\httpcomponents\httpmime\4.5.2\httpmime-4.5.2.jar;C:\Users\RIL\.m2\repository\com\google\code\gson\gson\2.8.6\gson-2.8.6.jar;C:\Users\RIL\.m2\repository\org\mongodb\mongodb-driver\3.12.0\mongodb-driver-3.12.0.jar;C:\Users\RIL\.m2\repository\org\mongodb\mongodb-driver-core\3.12.0\mongodb-driver-core-3.12.0.jar;C:\Users\RIL\.m2\repository\org\mongodb\bson\3.12.0\bson-3.12.0.jar;C:\Users\RIL\.m2\repository\commons-io\commons-io\2.7\commons-io-2.7.jar;C:\Users\RIL\.m2\repository\org\testng\testng\7.1.0\testng-7.1.0.jar;C:\Users\RIL\.m2\repository\com\beust\jcommander\1.72\jcommander-1.72.jar;C:\Users\RIL\.m2\repository\com\google\inject\guice\4.1.0\guice-4.1.0-no_aop.jar;C:\Users\RIL\.m2\repository\javax\inject\javax.inject\1\javax.inject-1.jar;C:\Users\RIL\.m2\repository\aopalliance\aopalliance\1.0\aopalliance-1.0.jar;C:\Users\RIL\.m2\repository\org\yaml\snakeyaml\1.21\snakeyaml-1.21.jar;C:\Users\RIL\.m2\repository\org\apache\poi\poi-ooxml\4.1.2\poi-ooxml-4.1.2.jar;C:\Users\RIL\.m2\repository\org\apache\poi\poi\4.1.2\poi-4.1.2.jar;C:\Users\RIL\.m2\repository\org\apache\commons\commons-collections4\4.4\commons-collections4-4.4.jar;C:\Users\RIL\.m2\repository\org\apache\commons\commons-math3\3.6.1\commons-math3-3.6.1.jar;C:\Users\RIL\.m2\repository\com\zaxxer\SparseBitSet\1.2\SparseBitSet-1.2.jar;C:\Users\RIL\.m2\repository\org\apache\poi\poi-ooxml-schemas\4.1.2\poi-ooxml-schemas-4.1.2.jar;C:\Users\RIL\.m2\repository\org\apache\xmlbeans\xmlbeans\3.1.0\xmlbeans-3.1.0.jar;C:\Users\RIL\.m2\repository\org\apache\commons\commons-compress\1.19\commons-compress-1.19.jar;C:\Users\RIL\.m2\repository\com\github\virtuald\curvesapi\1.06\curvesapi-1.06.jar;C:\Users\RIL\.m2\repository\org\apache\clerezza\ext\org.json.simple\0.4\org.json.simple-0.4.jar;C:\Users\RIL\.m2\repository\com\googlecode\json-simple\json-simple\1.1\json-simple-1.1.jar;C:\Users\RIL\.m2\repository\log4j\log4j\1.2.17\log4j-1.2.17.jar;"/>
    <property name="sun.cpu.endian" value="little"/>
    <property name="user.home" value="C:\Users\RIL"/>
    <property name="user.language" value="en"/>
    <property name="java.specification.vendor" value="Oracle Corporation"/>
    <property name="java.home" value="C:\Program Files\Java\jdk1.8.0_261\jre"/>
    <property name="basedir" value="D:\Eclispse_Srinjoy\ZigwheelsFinalTest"/>
    <property name="file.separator" value="\"/>
    <property name="line.separator" value="&#10;"/>
    <property name="java.vm.specification.vendor" value="Oracle Corporation"/>
    <property name="java.specification.name" value="Java Platform API Specification"/>
    <property name="java.awt.graphicsenv" value="sun.awt.Win32GraphicsEnvironment"/>
    <property name="surefire.real.class.path" value="C:\Users\RIL\AppData\Local\Temp\surefire5963004389291826224\surefirebooter4710485125829882518.jar"/>
    <property name="sun.boot.class.path" value="C:\Program Files\Java\jdk1.8.0_261\jre\lib\resources.jar;C:\Program Files\Java\jdk1.8.0_261\jre\lib\rt.jar;C:\Program Files\Java\jdk1.8.0_261\jre\lib\sunrsasign.jar;C:\Program Files\Java\jdk1.8.0_261\jre\lib\jsse.jar;C:\Program Files\Java\jdk1.8.0_261\jre\lib\jce.jar;C:\Program Files\Java\jdk1.8.0_261\jre\lib\charsets.jar;C:\Program Files\Java\jdk1.8.0_261\jre\lib\jfr.jar;C:\Program Files\Java\jdk1.8.0_261\jre\classes"/>
    <property name="user.script" value=""/>
    <property name="sun.management.compiler" value="HotSpot 64-Bit Tiered Compilers"/>
    <property name="java.runtime.version" value="1.8.0_261-b12"/>
    <property name="user.name" value="RIL"/>
    <property name="path.separator" value=";"/>
    <property name="os.version" value="10.0"/>
    <property name="java.endorsed.dirs" value="C:\Program Files\Java\jdk1.8.0_261\jre\lib\endorsed"/>
    <property name="java.runtime.name" value="Java(TM) SE Runtime Environment"/>
    <property name="file.encoding" value="Cp1252"/>
    <property name="java.vm.name" value="Java HotSpot(TM) 64-Bit Server VM"/>
    <property name="localRepository" value="C:\Users\RIL\.m2\repository"/>
    <property name="java.vendor.url.bug" value="http://bugreport.sun.com/bugreport/"/>
    <property name="java.io.tmpdir" value="C:\Users\RIL\AppData\Local\Temp\"/>
    <property name="java.version" value="1.8.0_261"/>
    <property name="user.dir" value="D:\Eclispse_Srinjoy\ZigwheelsFinalTest"/>
    <property name="os.arch" value="amd64"/>
    <property name="java.vm.specification.name" value="Java Virtual Machine Specification"/>
    <property name="java.awt.printerjob" value="sun.awt.windows.WPrinterJob"/>
    <property name="sun.os.patch.level" value=""/>
    <property name="java.library.path" value="C:\Program Files\Java\jdk1.8.0_261\jre\bin;C:\WINDOWS\Sun\Java\bin;C:\WINDOWS\system32;C:\WINDOWS;C:\Users\RIL\Downloads\apache-maven-3.6.3-bin\apache-maven-3.6.3/bin;C:\Program Files\Java\jdk1.8.0_261/bin;C:\Program Files\Java\jdk1.8.0_261/bin;C:\Program Files (x86)\Common Files\Oracle\Java\javapath;C:\Program Files (x86)\Intel\Intel(R) Management Engine Components\iCLS\;C:\Program Files\Intel\Intel(R) Management Engine Components\iCLS\;C:\WINDOWS\system32;C:\WINDOWS;C:\WINDOWS\System32\Wbem;C:\WINDOWS\System32\WindowsPowerShell\v1.0\;C:\WINDOWS\System32\OpenSSH\;C:\Program Files (x86)\Intel\Intel(R) Management Engine Components\DAL;C:\Program Files\Intel\Intel(R) Management Engine Components\DAL;C:\Users\RIL\AppData\Local\Microsoft\WindowsApps;C:\Program Files\Java\jdk1.8.0_261\bin;C:\Users\RIL\Downloads\apache-maven-3.6.3-bin\apache-maven-3.6.3\bin;;."/>
    <property name="java.vm.info" value="mixed mode"/>
    <property name="java.vendor" value="Oracle Corporation"/>
    <property name="java.vm.version" value="25.261-b12"/>
    <property name="java.ext.dirs" value="C:\Program Files\Java\jdk1.8.0_261\jre\lib\ext;C:\WINDOWS\Sun\Java\lib\ext"/>
    <property name="sun.io.unicode.encoding" value="UnicodeLittle"/>
    <property name="java.class.version" value="52.0"/>
  </properties>
  <testcase name="getWebsite" classname="com.zigwheels.test.ZigwheelsTest" time="1.322">
    <system-err><![CDATA[Jul 29, 2020 5:18:33 PM org.openqa.selenium.remote.DesiredCapabilities firefox
INFO: Using `new FirefoxOptions()` is preferred to `DesiredCapabilities.firefox()`
Jul 29, 2020 5:18:39 PM org.openqa.selenium.remote.ProtocolHandshake createSession
INFO: Detected dialect: W3C
]]></system-err>
  </testcase>
  <testcase name="getWebsite" classname="com.zigwheels.test.ZigwheelsTest" time="6.353">
    <system-err><![CDATA[log4j:WARN No appenders could be found for logger (freemarker.cache).
log4j:WARN Please initialize the log4j system properly.
log4j:WARN See http://logging.apache.org/log4j/1.2/faq.html#noconfig for more info.
Jul 29, 2020 5:19:03 PM org.openqa.selenium.remote.DesiredCapabilities chrome
INFO: Using `new ChromeOptions()` is preferred to `DesiredCapabilities.chrome()`
Jul 29, 2020 5:19:09 PM org.openqa.selenium.remote.ProtocolHandshake createSession
INFO: Detected dialect: W3C
]]></system-err>
  </testcase>
  <testcase name="getWebsite" classname="com.zigwheels.test.ZigwheelsTest" time="8.527">
    <system-err><![CDATA[Jul 29, 2020 5:19:28 PM org.openqa.selenium.remote.DesiredCapabilities edge
INFO: Using `new EdgeOptions()` is preferred to `DesiredCapabilities.edge()`
Jul 29, 2020 5:19:34 PM org.openqa.selenium.remote.ProtocolHandshake createSession
INFO: Detected dialect: W3C
]]></system-err>
  </testcase>
  <testcase name="getWebsite" classname="com.zigwheels.test.ZigwheelsTest" time="8.068">
    <system-err><![CDATA[Jul 29, 2020 5:19:56 PM org.openqa.selenium.remote.DesiredCapabilities firefox
INFO: Using `new FirefoxOptions()` is preferred to `DesiredCapabilities.firefox()`
Jul 29, 2020 5:20:01 PM org.openqa.selenium.remote.ProtocolHandshake createSession
INFO: Detected dialect: W3C
]]></system-err>
  </testcase>
  <testcase name="getWebsite" classname="com.zigwheels.test.ZigwheelsTest" time="1.596">
    <system-err><![CDATA[Jul 29, 2020 5:21:56 PM org.openqa.selenium.remote.DesiredCapabilities chrome
INFO: Using `new ChromeOptions()` is preferred to `DesiredCapabilities.chrome()`
Jul 29, 2020 5:22:00 PM org.openqa.selenium.remote.ProtocolHandshake createSession
INFO: Detected dialect: W3C
]]></system-err>
  </testcase>
  <testcase name="getWebsite" classname="com.zigwheels.test.ZigwheelsTest" time="9.489">
    <system-err><![CDATA[Jul 29, 2020 5:23:37 PM org.openqa.selenium.remote.DesiredCapabilities edge
INFO: Using `new EdgeOptions()` is preferred to `DesiredCapabilities.edge()`
Jul 29, 2020 5:23:42 PM org.openqa.selenium.remote.ProtocolHandshake createSession
INFO: Detected dialect: W3C
]]></system-err>
  </testcase>
  <testcase name="uiHandles" classname="com.zigwheels.test.ZigwheelsTest" time="7.473"/>
  <testcase name="uiHandles" classname="com.zigwheels.test.ZigwheelsTest" time="5.716"/>
  <testcase name="uiHandles" classname="com.zigwheels.test.ZigwheelsTest" time="5.176"/>
  <testcase name="takeScreenshot" classname="com.zigwheels.test.ZigwheelsTest" time="3.623"/>
  <testcase name="takeScreenshot" classname="com.zigwheels.test.ZigwheelsTest" time="4.139"/>
  <testcase name="takeScreenshot" classname="com.zigwheels.test.ZigwheelsTest" time="3.926"/>
  <testcase name="writeExcel[valid_products_mozilla](1)" classname="com.zigwheels.test.ZigwheelsTest" time="0.931">
    <system-out><![CDATA[Honda CB Hornet 160R
Rs. 86,500
1 Aug 2020

Honda CBF190R
Rs. 1.1 Lakh
August 2020

Honda CB Hornet 200R
Rs. 1.3 Lakh
October 2020

0



]]></system-out>
  </testcase>
  <testcase name="writeExcel[valid_products_chrome](1)" classname="com.zigwheels.test.ZigwheelsTest" time="0.533">
    <system-out><![CDATA[Honda CB Hornet 160R
Rs. 86,500
1 Aug 2020

Honda CBF190R
Rs. 1.1 Lakh
August 2020

Honda CB Hornet 200R
Rs. 1.3 Lakh
October 2020

2



]]></system-out>
  </testcase>
  <testcase name="writeExcel[valid_products_msedge](1)" classname="com.zigwheels.test.ZigwheelsTest" time="0.387">
    <system-out><![CDATA[Honda CB Hornet 160R
Rs. 86,500
1 Aug 2020

Honda CBF190R
Rs. 1.1 Lakh
August 2020

Honda CB Hornet 200R
Rs. 1.3 Lakh
October 2020

1



]]></system-out>
  </testcase>
  <testcase name="usedCars" classname="com.zigwheels.test.ZigwheelsTest" time="6.858"/>
  <testcase name="usedCars" classname="com.zigwheels.test.ZigwheelsTest" time="10.406"/>
  <testcase name="usedCars" classname="com.zigwheels.test.ZigwheelsTest" time="8.646"/>
  <testcase name="assertCars" classname="com.zigwheels.test.ZigwheelsTest" time="0.046"/>
  <testcase name="assertCars" classname="com.zigwheels.test.ZigwheelsTest" time="0.029"/>
  <testcase name="assertCars" classname="com.zigwheels.test.ZigwheelsTest" time="0.029"/>
  <testcase name="switchLogin" classname="com.zigwheels.test.ZigwheelsTest" time="4.107"/>
  <testcase name="switchLogin" classname="com.zigwheels.test.ZigwheelsTest" time="5.52"/>
  <testcase name="switchLogin" classname="com.zigwheels.test.ZigwheelsTest" time="5.763"/>
  <testcase name="LoginPage[readExcel](1)" classname="com.zigwheels.test.ZigwheelsTest" time="6.233"/>
  <testcase name="LoginPage[readExcel](1)" classname="com.zigwheels.test.ZigwheelsTest" time="0.361"/>
  <testcase name="LoginPage[readExcel](1)" classname="com.zigwheels.test.ZigwheelsTest" time="0.246"/>
  <testcase name="assertBug" classname="com.zigwheels.test.ZigwheelsTest" time="28.235"/>
  <testcase name="assertBug" classname="com.zigwheels.test.ZigwheelsTest" time="34.166"/>
  <testcase name="assertBug" classname="com.zigwheels.test.ZigwheelsTest" time="34.264"/>
  <testcase name="getWebsite" classname="com.zigwheels.test.ZigWheelsValidTest" time="12.019">
    <system-err><![CDATA[Jul 29, 2020 5:20:57 PM org.openqa.selenium.remote.DesiredCapabilities firefox
INFO: Using `new FirefoxOptions()` is preferred to `DesiredCapabilities.firefox()`
Jul 29, 2020 5:21:05 PM org.openqa.selenium.remote.ProtocolHandshake createSession
INFO: Detected dialect: W3C
]]></system-err>
  </testcase>
  <testcase name="getWebsite" classname="com.zigwheels.test.ZigWheelsValidTest" time="5.121">
    <system-err><![CDATA[Jul 29, 2020 5:22:54 PM org.openqa.selenium.remote.DesiredCapabilities chrome
INFO: Using `new ChromeOptions()` is preferred to `DesiredCapabilities.chrome()`
Jul 29, 2020 5:22:58 PM org.openqa.selenium.remote.ProtocolHandshake createSession
INFO: Detected dialect: W3C
]]></system-err>
  </testcase>
  <testcase name="getWebsite" classname="com.zigwheels.test.ZigWheelsValidTest" time="9.389">
    <system-err><![CDATA[Jul 29, 2020 5:24:43 PM org.openqa.selenium.remote.DesiredCapabilities edge
INFO: Using `new EdgeOptions()` is preferred to `DesiredCapabilities.edge()`
Jul 29, 2020 5:24:47 PM org.openqa.selenium.remote.ProtocolHandshake createSession
INFO: Detected dialect: W3C
]]></system-err>
  </testcase>
  <testcase name="Login" classname="com.zigwheels.test.ZigWheelsValidTest" time="5.127"/>
  <testcase name="Login" classname="com.zigwheels.test.ZigWheelsValidTest" time="6.47"/>
  <testcase name="Login" classname="com.zigwheels.test.ZigWheelsValidTest" time="6.489"/>
  <testcase name="LoginPage[readExcel](1)" classname="com.zigwheels.test.ZigWheelsValidTest" time="5.81"/>
  <testcase name="LoginPage[readExcel](1)" classname="com.zigwheels.test.ZigWheelsValidTest" time="0.325"/>
  <testcase name="LoginPage[readExcel](1)" classname="com.zigwheels.test.ZigWheelsValidTest" time="0.225"/>
  <testcase name="assertReEnterPass" classname="com.zigwheels.test.ZigWheelsValidTest" time="19.891"/>
  <testcase name="assertReEnterPass" classname="com.zigwheels.test.ZigWheelsValidTest" time="24.518"/>
  <testcase name="assertReEnterPass" classname="com.zigwheels.test.ZigWheelsValidTest" time="22.442"/>
</testsuite>