<?xml version="1.0" encoding="UTF-8"?>
<!-- Generated by org.testng.reporters.JUnitReportReporter -->
<testsuite skipped="0" hostname="LAPTOP-DEFT9I3H" name="com.zigwheels.test.ZigWheelsValidTest" tests="4" failures="0" timestamp="2020-07-29T17:14:16 IST" time="41.050" errors="0">
  <testcase name="getWebsite" time="9.533" classname="com.zigwheels.test.ZigWheelsValidTest"/>
  <system-out/>
  <testcase name="Login" time="5.105" classname="com.zigwheels.test.ZigWheelsValidTest"/>
  <system-out/>
  <testcase name="LoginPage" time="5.831" classname="com.zigwheels.test.ZigWheelsValidTest"/>
  <system-out/>
  <testcase name="assertReEnterPass" time="20.581" classname="com.zigwheels.test.ZigWheelsValidTest"/>
  <system-out/>
</testsuite> <!-- com.zigwheels.test.ZigWheelsValidTest -->
