<?xml version="1.0" encoding="UTF-8"?>
<!-- Generated by org.testng.reporters.JUnitReportReporter -->
<testsuite skipped="0" hostname="LAPTOP-DEFT9I3H" name="com.zigwheels.test.ZigwheelsTest" tests="6" failures="0" timestamp="2020-07-29T17:14:16 IST" time="56.551" errors="0">
  <testcase name="getWebsite" time="10.092" classname="com.zigwheels.test.ZigwheelsTest"/>
  <system-out/>
  <testcase name="usedCars" time="6.957" classname="com.zigwheels.test.ZigwheelsTest"/>
  <system-out/>
  <testcase name="assertCars" time="0.047" classname="com.zigwheels.test.ZigwheelsTest"/>
  <system-out/>
  <testcase name="switchLogin" time="4.198" classname="com.zigwheels.test.ZigwheelsTest"/>
  <system-out/>
  <testcase name="LoginPage" time="5.926" classname="com.zigwheels.test.ZigwheelsTest"/>
  <system-out/>
  <testcase name="assertBug" time="29.331" classname="com.zigwheels.test.ZigwheelsTest"/>
  <system-out/>
</testsuite> <!-- com.zigwheels.test.ZigwheelsTest -->
