<?xml version="1.0" encoding="UTF-8"?>
<!-- Generated by org.testng.reporters.JUnitReportReporter -->
<testsuite skipped="0" hostname="LAPTOP-DEFT9I3H" name="com.zigwheels.test.ZigWheelsValidTest" tests="12" failures="0" timestamp="2020-07-29T17:25:29 IST" time="117.826" errors="0">
  <testcase name="getWebsite" time="5.122" classname="com.zigwheels.test.ZigWheelsValidTest"/>
  <system-out/>
  <testcase name="getWebsite" time="9.389" classname="com.zigwheels.test.ZigWheelsValidTest"/>
  <system-out/>
  <testcase name="getWebsite" time="12.020" classname="com.zigwheels.test.ZigWheelsValidTest"/>
  <system-out/>
  <testcase name="Login" time="5.125" classname="com.zigwheels.test.ZigWheelsValidTest"/>
  <system-out/>
  <testcase name="Login" time="6.489" classname="com.zigwheels.test.ZigWheelsValidTest"/>
  <system-out/>
  <testcase name="Login" time="6.469" classname="com.zigwheels.test.ZigWheelsValidTest"/>
  <system-out/>
  <testcase name="LoginPage" time="0.324" classname="com.zigwheels.test.ZigWheelsValidTest"/>
  <system-out/>
  <testcase name="LoginPage" time="5.810" classname="com.zigwheels.test.ZigWheelsValidTest"/>
  <system-out/>
  <testcase name="LoginPage" time="0.225" classname="com.zigwheels.test.ZigWheelsValidTest"/>
  <system-out/>
  <testcase name="assertReEnterPass" time="19.893" classname="com.zigwheels.test.ZigWheelsValidTest"/>
  <system-out/>
  <testcase name="assertReEnterPass" time="24.519" classname="com.zigwheels.test.ZigWheelsValidTest"/>
  <system-out/>
  <testcase name="assertReEnterPass" time="22.441" classname="com.zigwheels.test.ZigWheelsValidTest"/>
  <system-out/>
</testsuite> <!-- com.zigwheels.test.ZigWheelsValidTest -->
