<?xml version="1.0" encoding="UTF-8"?>
<!-- Generated by org.testng.reporters.JUnitReportReporter -->
<testsuite skipped="0" hostname="LAPTOP-DEFT9I3H" name="com.zigwheels.test.ZigwheelsTest" tests="30" failures="0" timestamp="2020-07-29T17:25:29 IST" time="212.173" errors="0">
  <testcase name="getWebsite" time="1.322" classname="com.zigwheels.test.ZigwheelsTest"/>
  <system-out/>
  <testcase name="getWebsite" time="8.068" classname="com.zigwheels.test.ZigwheelsTest"/>
  <system-out/>
  <testcase name="getWebsite" time="8.528" classname="com.zigwheels.test.ZigwheelsTest"/>
  <system-out/>
  <testcase name="getWebsite" time="9.491" classname="com.zigwheels.test.ZigwheelsTest"/>
  <system-out/>
  <testcase name="getWebsite" time="6.356" classname="com.zigwheels.test.ZigwheelsTest"/>
  <system-out/>
  <testcase name="getWebsite" time="1.597" classname="com.zigwheels.test.ZigwheelsTest"/>
  <system-out/>
  <testcase name="uiHandles" time="5.175" classname="com.zigwheels.test.ZigwheelsTest"/>
  <system-out/>
  <testcase name="uiHandles" time="7.473" classname="com.zigwheels.test.ZigwheelsTest"/>
  <system-out/>
  <testcase name="uiHandles" time="5.717" classname="com.zigwheels.test.ZigwheelsTest"/>
  <system-out/>
  <testcase name="takeScreenshot" time="3.623" classname="com.zigwheels.test.ZigwheelsTest"/>
  <system-out/>
  <testcase name="takeScreenshot" time="4.138" classname="com.zigwheels.test.ZigwheelsTest"/>
  <system-out/>
  <testcase name="takeScreenshot" time="3.925" classname="com.zigwheels.test.ZigwheelsTest"/>
  <system-out/>
  <testcase name="writeExcel" time="0.533" classname="com.zigwheels.test.ZigwheelsTest"/>
  <system-out/>
  <testcase name="writeExcel" time="0.929" classname="com.zigwheels.test.ZigwheelsTest"/>
  <system-out/>
  <testcase name="writeExcel" time="0.387" classname="com.zigwheels.test.ZigwheelsTest"/>
  <system-out/>
  <testcase name="usedCars" time="10.406" classname="com.zigwheels.test.ZigwheelsTest"/>
  <system-out/>
  <testcase name="usedCars" time="6.859" classname="com.zigwheels.test.ZigwheelsTest"/>
  <system-out/>
  <testcase name="usedCars" time="8.645" classname="com.zigwheels.test.ZigwheelsTest"/>
  <system-out/>
  <testcase name="assertCars" time="0.031" classname="com.zigwheels.test.ZigwheelsTest"/>
  <system-out/>
  <testcase name="assertCars" time="0.045" classname="com.zigwheels.test.ZigwheelsTest"/>
  <system-out/>
  <testcase name="assertCars" time="0.031" classname="com.zigwheels.test.ZigwheelsTest"/>
  <system-out/>
  <testcase name="switchLogin" time="5.520" classname="com.zigwheels.test.ZigwheelsTest"/>
  <system-out/>
  <testcase name="switchLogin" time="5.762" classname="com.zigwheels.test.ZigwheelsTest"/>
  <system-out/>
  <testcase name="switchLogin" time="4.107" classname="com.zigwheels.test.ZigwheelsTest"/>
  <system-out/>
  <testcase name="LoginPage" time="0.247" classname="com.zigwheels.test.ZigwheelsTest"/>
  <system-out/>
  <testcase name="LoginPage" time="0.360" classname="com.zigwheels.test.ZigwheelsTest"/>
  <system-out/>
  <testcase name="LoginPage" time="6.232" classname="com.zigwheels.test.ZigwheelsTest"/>
  <system-out/>
  <testcase name="assertBug" time="28.237" classname="com.zigwheels.test.ZigwheelsTest"/>
  <system-out/>
  <testcase name="assertBug" time="34.264" classname="com.zigwheels.test.ZigwheelsTest"/>
  <system-out/>
  <testcase name="assertBug" time="34.165" classname="com.zigwheels.test.ZigwheelsTest"/>
  <system-out/>
</testsuite> <!-- com.zigwheels.test.ZigwheelsTest -->
